d:\users\dbswl\visualstudio2022\project\winapi\winapi_220816_shooting_game_과제\winapi_prctice\x64\debug\vc143.pdb
d:\users\dbswl\visualstudio2022\project\winapi\winapi_220816_shooting_game_과제\winapi_prctice\x64\debug\vc143.idb
d:\users\dbswl\visualstudio2022\project\winapi\winapi_220816_shooting_game_과제\winapi_prctice\x64\debug\texture.obj
d:\users\dbswl\visualstudio2022\project\winapi\winapi_220816_shooting_game_과제\winapi_prctice\x64\debug\gamemath.obj
d:\users\dbswl\visualstudio2022\project\winapi\winapi_220816_shooting_game_과제\winapi_prctice\x64\debug\enemymanager.obj
d:\users\dbswl\visualstudio2022\project\winapi\winapi_220816_shooting_game_과제\winapi_prctice\x64\debug\enemy.obj
d:\users\dbswl\visualstudio2022\project\winapi\winapi_220816_shooting_game_과제\winapi_prctice\x64\debug\dropmanager.obj
d:\users\dbswl\visualstudio2022\project\winapi\winapi_220816_shooting_game_과제\winapi_prctice\x64\debug\dropcircle.obj
d:\users\dbswl\visualstudio2022\project\winapi\winapi_220816_shooting_game_과제\winapi_prctice\x64\debug\bulletmanager.obj
d:\users\dbswl\visualstudio2022\project\winapi\winapi_220816_shooting_game_과제\winapi_prctice\x64\debug\bullet.obj
d:\users\dbswl\visualstudio2022\project\winapi\winapi_220816_shooting_game_과제\winapi_prctice\x64\debug\plane.obj
d:\users\dbswl\visualstudio2022\project\winapi\winapi_220816_shooting_game_과제\winapi_prctice\x64\debug\pipemanager.obj
d:\users\dbswl\visualstudio2022\project\winapi\winapi_220816_shooting_game_과제\winapi_prctice\x64\debug\landscape.obj
d:\users\dbswl\visualstudio2022\project\winapi\winapi_220816_shooting_game_과제\winapi_prctice\x64\debug\siva.obj
d:\users\dbswl\visualstudio2022\project\winapi\winapi_220816_shooting_game_과제\winapi_prctice\x64\debug\controlbar.obj
d:\users\dbswl\visualstudio2022\project\winapi\winapi_220816_shooting_game_과제\winapi_prctice\x64\debug\brickmanager.obj
d:\users\dbswl\visualstudio2022\project\winapi\winapi_220816_shooting_game_과제\winapi_prctice\x64\debug\brick.obj
d:\users\dbswl\visualstudio2022\project\winapi\winapi_220816_shooting_game_과제\winapi_prctice\x64\debug\ball.obj
d:\users\dbswl\visualstudio2022\project\winapi\winapi_220816_shooting_game_과제\winapi_prctice\x64\debug\rect.obj
d:\users\dbswl\visualstudio2022\project\winapi\winapi_220816_shooting_game_과제\winapi_prctice\x64\debug\line.obj
d:\users\dbswl\visualstudio2022\project\winapi\winapi_220816_shooting_game_과제\winapi_prctice\x64\debug\imagerect.obj
d:\users\dbswl\visualstudio2022\project\winapi\winapi_220816_shooting_game_과제\winapi_prctice\x64\debug\circle.obj
d:\users\dbswl\visualstudio2022\project\winapi\winapi_220816_shooting_game_과제\winapi_prctice\x64\debug\winapi_prctice.obj
d:\users\dbswl\visualstudio2022\project\winapi\winapi_220816_shooting_game_과제\winapi_prctice\x64\debug\timer.obj
d:\users\dbswl\visualstudio2022\project\winapi\winapi_220816_shooting_game_과제\winapi_prctice\x64\debug\keyboard.obj
d:\users\dbswl\visualstudio2022\project\winapi\winapi_220816_shooting_game_과제\winapi_prctice\x64\debug\gamemanager.obj
d:\users\dbswl\visualstudio2022\project\winapi\winapi_220816_shooting_game_과제\winapi_prctice\x64\debug\shootingscene.obj
d:\users\dbswl\visualstudio2022\project\winapi\winapi_220816_shooting_game_과제\winapi_prctice\x64\debug\flappybirdscene.obj
d:\users\dbswl\visualstudio2022\project\winapi\winapi_220816_shooting_game_과제\winapi_prctice\x64\debug\texturemanager.obj
d:\users\dbswl\visualstudio2022\project\winapi\winapi_220816_shooting_game_과제\winapi_prctice\x64\debug\hpbar.obj
d:\users\dbswl\visualstudio2022\project\winapi\winapi_220816_shooting_game_과제\winapi_prctice\x64\debug\winapi_prctice.pch
d:\users\dbswl\visualstudio2022\project\winapi\winapi_220816_shooting_game_과제\winapi_prctice\x64\debug\framework.obj
d:\users\dbswl\visualstudio2022\project\winapi\winapi_220816_shooting_game_과제\x64\debug\winapi_prctice.exe
d:\users\dbswl\visualstudio2022\project\winapi\winapi_220816_shooting_game_과제\winapi_prctice\x64\debug\winapi_prctice.ilk
d:\users\dbswl\visualstudio2022\project\winapi\winapi_220816_shooting_game_과제\x64\debug\winapi_prctice.pdb
d:\users\dbswl\visualstudio2022\project\winapi\winapi_220816_shooting_game_과제\winapi_prctice\x64\debug\winapi_prctice.res
d:\users\dbswl\visualstudio2022\project\winapi\winapi_220816_shooting_game_과제\winapi_prctice\x64\debug\winapi_prctice.tlog\cl.command.1.tlog
d:\users\dbswl\visualstudio2022\project\winapi\winapi_220816_shooting_game_과제\winapi_prctice\x64\debug\winapi_prctice.tlog\cl.read.1.tlog
d:\users\dbswl\visualstudio2022\project\winapi\winapi_220816_shooting_game_과제\winapi_prctice\x64\debug\winapi_prctice.tlog\cl.write.1.tlog
d:\users\dbswl\visualstudio2022\project\winapi\winapi_220816_shooting_game_과제\winapi_prctice\x64\debug\winapi_prctice.tlog\link.command.1.tlog
d:\users\dbswl\visualstudio2022\project\winapi\winapi_220816_shooting_game_과제\winapi_prctice\x64\debug\winapi_prctice.tlog\link.read.1.tlog
d:\users\dbswl\visualstudio2022\project\winapi\winapi_220816_shooting_game_과제\winapi_prctice\x64\debug\winapi_prctice.tlog\link.write.1.tlog
d:\users\dbswl\visualstudio2022\project\winapi\winapi_220816_shooting_game_과제\winapi_prctice\x64\debug\winapi_prctice.tlog\rc.command.1.tlog
d:\users\dbswl\visualstudio2022\project\winapi\winapi_220816_shooting_game_과제\winapi_prctice\x64\debug\winapi_prctice.tlog\rc.read.1.tlog
d:\users\dbswl\visualstudio2022\project\winapi\winapi_220816_shooting_game_과제\winapi_prctice\x64\debug\winapi_prctice.tlog\rc.write.1.tlog
