  Framework.cpp
  ImageRect.cpp
  Line.cpp
D:\Users\dbswl\VisualStudio2022\Project\WinAPI\WinAPI_220816_Shooting_Game_과제\WinAPI_Prctice\GameObject\Basic\Line.cpp(18,30): warning C4244: '인수': 'float'에서 'int'(으)로 변환하면서 데이터가 손실될 수 있습니다.
D:\Users\dbswl\VisualStudio2022\Project\WinAPI\WinAPI_220816_Shooting_Game_과제\WinAPI_Prctice\GameObject\Basic\Line.cpp(18,21): warning C4244: '인수': 'float'에서 'int'(으)로 변환하면서 데이터가 손실될 수 있습니다.
D:\Users\dbswl\VisualStudio2022\Project\WinAPI\WinAPI_220816_Shooting_Game_과제\WinAPI_Prctice\GameObject\Basic\Line.cpp(19,24): warning C4244: '인수': 'float'에서 'int'(으)로 변환하면서 데이터가 손실될 수 있습니다.
D:\Users\dbswl\VisualStudio2022\Project\WinAPI\WinAPI_220816_Shooting_Game_과제\WinAPI_Prctice\GameObject\Basic\Line.cpp(19,17): warning C4244: '인수': 'float'에서 'int'(으)로 변환하면서 데이터가 손실될 수 있습니다.
  Rect.cpp
  Ball.cpp
  Brick.cpp
  BrickManager.cpp
  ControlBar.cpp
  Siva.cpp
  Landscape.cpp
  PipeManager.cpp
  Plane.cpp
  HpBar.cpp
D:\Users\dbswl\VisualStudio2022\Project\WinAPI\WinAPI_220816_Shooting_Game_과제\WinAPI_Prctice\GameObject\HpBar\HpBar.cpp(31,47): warning C4244: '인수': 'float'에서 'int'(으)로 변환하면서 데이터가 손실될 수 있습니다.
D:\Users\dbswl\VisualStudio2022\Project\WinAPI\WinAPI_220816_Shooting_Game_과제\WinAPI_Prctice\GameObject\HpBar\HpBar.cpp(31,37): warning C4244: '인수': 'float'에서 'int'(으)로 변환하면서 데이터가 손실될 수 있습니다.
D:\Users\dbswl\VisualStudio2022\Project\WinAPI\WinAPI_220816_Shooting_Game_과제\WinAPI_Prctice\GameObject\HpBar\HpBar.cpp(31,28): warning C4244: '인수': 'float'에서 'int'(으)로 변환하면서 데이터가 손실될 수 있습니다.
D:\Users\dbswl\VisualStudio2022\Project\WinAPI\WinAPI_220816_Shooting_Game_과제\WinAPI_Prctice\GameObject\HpBar\HpBar.cpp(31,21): warning C4244: '인수': 'float'에서 'int'(으)로 변환하면서 데이터가 손실될 수 있습니다.
D:\Users\dbswl\VisualStudio2022\Project\WinAPI\WinAPI_220816_Shooting_Game_과제\WinAPI_Prctice\GameObject\HpBar\HpBar.cpp(34,82): warning C4244: '인수': 'float'에서 'int'(으)로 변환하면서 데이터가 손실될 수 있습니다.
D:\Users\dbswl\VisualStudio2022\Project\WinAPI\WinAPI_220816_Shooting_Game_과제\WinAPI_Prctice\GameObject\HpBar\HpBar.cpp(34,39): warning C4244: '인수': 'float'에서 'int'(으)로 변환하면서 데이터가 손실될 수 있습니다.
D:\Users\dbswl\VisualStudio2022\Project\WinAPI\WinAPI_220816_Shooting_Game_과제\WinAPI_Prctice\GameObject\HpBar\HpBar.cpp(34,28): warning C4244: '인수': 'float'에서 'int'(으)로 변환하면서 데이터가 손실될 수 있습니다.
D:\Users\dbswl\VisualStudio2022\Project\WinAPI\WinAPI_220816_Shooting_Game_과제\WinAPI_Prctice\GameObject\HpBar\HpBar.cpp(34,21): warning C4244: '인수': 'float'에서 'int'(으)로 변환하면서 데이터가 손실될 수 있습니다.
  Bullet.cpp
  BulletManager.cpp
  Circle.cpp
  DropCircle.cpp
D:\Users\dbswl\VisualStudio2022\Project\WinAPI\WinAPI_220816_Shooting_Game_과제\WinAPI_Prctice\GameObject\Shooting\DropCircle.cpp(34,26): warning C4244: '인수': 'float'에서 'int'(으)로 변환하면서 데이터가 손실될 수 있습니다.
D:\Users\dbswl\VisualStudio2022\Project\WinAPI\WinAPI_220816_Shooting_Game_과제\WinAPI_Prctice\GameObject\Shooting\DropCircle.cpp(34,19): warning C4244: '인수': 'float'에서 'int'(으)로 변환하면서 데이터가 손실될 수 있습니다.
D:\Users\dbswl\VisualStudio2022\Project\WinAPI\WinAPI_220816_Shooting_Game_과제\WinAPI_Prctice\GameObject\Shooting\DropCircle.cpp(35,34): warning C4244: '인수': 'float'에서 'int'(으)로 변환하면서 데이터가 손실될 수 있습니다.
D:\Users\dbswl\VisualStudio2022\Project\WinAPI\WinAPI_220816_Shooting_Game_과제\WinAPI_Prctice\GameObject\Shooting\DropCircle.cpp(35,22): warning C4244: '인수': 'float'에서 'int'(으)로 변환하면서 데이터가 손실될 수 있습니다.
  DropManager.cpp
D:\Users\dbswl\VisualStudio2022\Project\WinAPI\WinAPI_220816_Shooting_Game_과제\WinAPI_Prctice\GameObject\Shooting\DropManager.cpp(54,53): warning C4267: '인수': 'size_t'에서 'const int'(으)로 변환하면서 데이터가 손실될 수 있습니다.
  Enemy.cpp
  EnemyManager.cpp
  Texture.cpp
  코드를 생성하고 있습니다...
  컴파일하고 있습니다...
  TextureManager.cpp
  FlappyBirdScene.cpp
  ShootingScene.cpp
  GameManager.cpp
  GameMath.cpp
  Keyboard.cpp
  Timer.cpp
D:\Users\dbswl\VisualStudio2022\Project\WinAPI\WinAPI_220816_Shooting_Game_과제\WinAPI_Prctice\Utilities\Timer.cpp(53,46): warning C4267: '인수': 'size_t'에서 'int'(으)로 변환하면서 데이터가 손실될 수 있습니다.
D:\Users\dbswl\VisualStudio2022\Project\WinAPI\WinAPI_220816_Shooting_Game_과제\WinAPI_Prctice\Utilities\Timer.cpp(55,47): warning C4267: '인수': 'size_t'에서 'int'(으)로 변환하면서 데이터가 손실될 수 있습니다.
  WinAPI_Prctice.cpp
  코드를 생성하고 있습니다...
  WinAPI_Prctice.vcxproj -> D:\Users\dbswl\VisualStudio2022\Project\WinAPI\WinAPI_220816_Shooting_Game_과제\x64\Debug\WinAPI_Prctice.exe
