  Framework.cpp
  Circle.cpp
H:\Users\VisualStudio2022\Project\WinAPI_220729\WinAPI_220729\GameObject\Circle.cpp(23,18): warning C4244: '초기화 중': 'double'에서 'int'(으)로 변환하면서 데이터가 손실될 수 있습니다.
H:\Users\VisualStudio2022\Project\WinAPI_220729\WinAPI_220729\GameObject\Circle.cpp(25,20): warning C4018: '<=': signed 또는 unsigned가 일치하지 않습니다.
  Object.cpp
  ObjectManager.cpp
H:\Users\VisualStudio2022\Project\WinAPI_220729\WinAPI_220729\GameObject\ObjectManager.cpp(40,46): warning C4267: '인수': 'size_t'에서 'int'(으)로 변환하면서 데이터가 손실될 수 있습니다.
H:\Users\VisualStudio2022\Project\WinAPI_220729\WinAPI_220729\GameObject\ObjectManager.cpp(43,47): warning C4267: '인수': 'size_t'에서 'int'(으)로 변환하면서 데이터가 손실될 수 있습니다.
H:\Users\VisualStudio2022\Project\WinAPI_220729\WinAPI_220729\GameObject\ObjectManager.cpp(65,52): warning C4267: '인수': 'size_t'에서 'const int'(으)로 변환하면서 데이터가 손실될 수 있습니다.
H:\Users\VisualStudio2022\Project\WinAPI_220729\WinAPI_220729\GameObject\ObjectManager.cpp(87,12): warning C4018: '>=': signed 또는 unsigned가 일치하지 않습니다.
H:\Users\VisualStudio2022\Project\WinAPI_220729\WinAPI_220729\GameObject\ObjectManager.cpp(108,53): warning C4267: '인수': 'size_t'에서 'const int'(으)로 변환하면서 데이터가 손실될 수 있습니다.
H:\Users\VisualStudio2022\Project\WinAPI_220729\WinAPI_220729\GameObject\ObjectManager.cpp(123,52): warning C4267: '인수': 'size_t'에서 'const int'(으)로 변환하면서 데이터가 손실될 수 있습니다.
  Rect.cpp
H:\Users\VisualStudio2022\Project\WinAPI_220729\WinAPI_220729\GameObject\Rect.cpp(23,36): warning C4838: 'unsigned long'에서 'LONG'(으)로의 변환에는 축소 변환이 필요합니다.
H:\Users\VisualStudio2022\Project\WinAPI_220729\WinAPI_220729\GameObject\Rect.cpp(23,62): warning C4838: 'unsigned long'에서 'LONG'(으)로의 변환에는 축소 변환이 필요합니다.
H:\Users\VisualStudio2022\Project\WinAPI_220729\WinAPI_220729\GameObject\Rect.cpp(24,34): warning C4838: 'unsigned long'에서 'LONG'(으)로의 변환에는 축소 변환이 필요합니다.
H:\Users\VisualStudio2022\Project\WinAPI_220729\WinAPI_220729\GameObject\Rect.cpp(24,60): warning C4838: 'unsigned long'에서 'LONG'(으)로의 변환에는 축소 변환이 필요합니다.
  FallShapeScene.cpp
  GameManager.cpp
  GameMath.cpp
  WinAPI_220729.cpp
  코드를 생성하고 있습니다...
  WinAPI_220729.vcxproj -> H:\Users\VisualStudio2022\Project\WinAPI_220729\x64\Debug\WinAPI_220729.exe
