h:\users\visualstudio2022\project\winapi_220729\winapi_220729\x64\debug\vc143.pdb
h:\users\visualstudio2022\project\winapi_220729\winapi_220729\x64\debug\vc143.idb
h:\users\visualstudio2022\project\winapi_220729\winapi_220729\x64\debug\winapi_220729.obj
h:\users\visualstudio2022\project\winapi_220729\winapi_220729\x64\debug\gamemanager.obj
h:\users\visualstudio2022\project\winapi_220729\winapi_220729\x64\debug\fallshapescene.obj
h:\users\visualstudio2022\project\winapi_220729\winapi_220729\x64\debug\circle.obj
h:\users\visualstudio2022\project\winapi_220729\winapi_220729\x64\debug\objectmanager.obj
h:\users\visualstudio2022\project\winapi_220729\winapi_220729\x64\debug\gamemath.obj
h:\users\visualstudio2022\project\winapi_220729\winapi_220729\x64\debug\object.obj
h:\users\visualstudio2022\project\winapi_220729\winapi_220729\x64\debug\winapi_220729.pch
h:\users\visualstudio2022\project\winapi_220729\winapi_220729\x64\debug\framework.obj
h:\users\visualstudio2022\project\winapi_220729\winapi_220729\x64\debug\rect.obj
h:\users\visualstudio2022\project\winapi_220729\x64\debug\winapi_220729.exe
h:\users\visualstudio2022\project\winapi_220729\winapi_220729\x64\debug\winapi_220729.ilk
h:\users\visualstudio2022\project\winapi_220729\x64\debug\winapi_220729.pdb
h:\users\visualstudio2022\project\winapi_220729\winapi_220729\x64\debug\winapi_220729.res
h:\users\visualstudio2022\project\winapi_220729\winapi_220729\x64\debug\winapi_220729.tlog\cl.command.1.tlog
h:\users\visualstudio2022\project\winapi_220729\winapi_220729\x64\debug\winapi_220729.tlog\cl.read.1.tlog
h:\users\visualstudio2022\project\winapi_220729\winapi_220729\x64\debug\winapi_220729.tlog\cl.write.1.tlog
h:\users\visualstudio2022\project\winapi_220729\winapi_220729\x64\debug\winapi_220729.tlog\link.command.1.tlog
h:\users\visualstudio2022\project\winapi_220729\winapi_220729\x64\debug\winapi_220729.tlog\link.read.1.tlog
h:\users\visualstudio2022\project\winapi_220729\winapi_220729\x64\debug\winapi_220729.tlog\link.write.1.tlog
h:\users\visualstudio2022\project\winapi_220729\winapi_220729\x64\debug\winapi_220729.tlog\rc.command.1.tlog
h:\users\visualstudio2022\project\winapi_220729\winapi_220729\x64\debug\winapi_220729.tlog\rc.read.1.tlog
h:\users\visualstudio2022\project\winapi_220729\winapi_220729\x64\debug\winapi_220729.tlog\rc.write.1.tlog
