c:\users\user\source\repos\220818\winapi_2206\x64\debug\vc143.pdb
c:\users\user\source\repos\220818\winapi_2206\x64\debug\vc143.idb
c:\users\user\source\repos\220818\winapi_2206\x64\debug\gamemanager.obj
c:\users\user\source\repos\220818\winapi_2206\x64\debug\flappybirdscene.obj
c:\users\user\source\repos\220818\winapi_2206\x64\debug\scenemanager.obj
c:\users\user\source\repos\220818\winapi_2206\x64\debug\bulletmanager.obj
c:\users\user\source\repos\220818\winapi_2206\x64\debug\bullet.obj
c:\users\user\source\repos\220818\winapi_2206\x64\debug\landmanager.obj
c:\users\user\source\repos\220818\winapi_2206\x64\debug\land.obj
c:\users\user\source\repos\220818\winapi_2206\x64\debug\plane.obj
c:\users\user\source\repos\220818\winapi_2206\x64\debug\pipemanager.obj
c:\users\user\source\repos\220818\winapi_2206\x64\debug\landscape.obj
c:\users\user\source\repos\220818\winapi_2206\x64\debug\effectmanager.obj
c:\users\user\source\repos\220818\winapi_2206\x64\debug\effect.obj
c:\users\user\source\repos\220818\winapi_2206\x64\debug\siva.obj
c:\users\user\source\repos\220818\winapi_2206\x64\debug\cookie.obj
c:\users\user\source\repos\220818\winapi_2206\x64\debug\controlbar.obj
c:\users\user\source\repos\220818\winapi_2206\x64\debug\brickmanager.obj
c:\users\user\source\repos\220818\winapi_2206\x64\debug\brick.obj
c:\users\user\source\repos\220818\winapi_2206\x64\debug\ball.obj
c:\users\user\source\repos\220818\winapi_2206\x64\debug\rect.obj
c:\users\user\source\repos\220818\winapi_2206\x64\debug\line.obj
c:\users\user\source\repos\220818\winapi_2206\x64\debug\imagerect.obj
c:\users\user\source\repos\220818\winapi_2206\x64\debug\circle.obj
c:\users\user\source\repos\220818\winapi_2206\x64\debug\camera.obj
c:\users\user\source\repos\220818\winapi_2206\x64\debug\timer.obj
c:\users\user\source\repos\220818\winapi_2206\x64\debug\keyboard.obj
c:\users\user\source\repos\220818\winapi_2206\x64\debug\audio.obj
c:\users\user\source\repos\220818\winapi_2206\x64\debug\shootingscene.obj
c:\users\user\source\repos\220818\winapi_2206\x64\debug\runningscene.obj
c:\users\user\source\repos\220818\winapi_2206\x64\debug\pixelcollisionscene.obj
c:\users\user\source\repos\220818\winapi_2206\x64\debug\effectscene.obj
c:\users\user\source\repos\220818\winapi_2206\x64\debug\camerascene.obj
c:\users\user\source\repos\220818\winapi_2206\x64\debug\texturemanager.obj
c:\users\user\source\repos\220818\winapi_2206\x64\debug\texture.obj
c:\users\user\source\repos\220818\winapi_2206\x64\debug\animation.obj
c:\users\user\source\repos\220818\winapi_2206\x64\debug\gamemath.obj
c:\users\user\source\repos\220818\winapi_2206\x64\debug\progressbar.obj
c:\users\user\source\repos\220818\winapi_2206\x64\debug\enemymanager.obj
c:\users\user\source\repos\220818\winapi_2206\x64\debug\enemy.obj
c:\users\user\source\repos\220818\winapi_2206\x64\debug\dropmanager.obj
c:\users\user\source\repos\220818\winapi_2206\x64\debug\dropcircle.obj
c:\users\user\source\repos\220818\winapi_2206\x64\debug\winapi_2206.obj
c:\users\user\source\repos\220818\winapi_2206\x64\debug\startscene.obj
c:\users\user\source\repos\220818\winapi_2206\x64\debug\button.obj
c:\users\user\source\repos\220818\winapi_2206\x64\debug\winapi_2206.pch
c:\users\user\source\repos\220818\winapi_2206\x64\debug\framework.obj
c:\users\user\source\repos\220818\x64\debug\winapi_2206.exe
c:\users\user\source\repos\220818\winapi_2206\x64\debug\winapi_2206.ilk
c:\users\user\source\repos\220818\x64\debug\winapi_2206.pdb
c:\users\user\source\repos\220818\winapi_2206\x64\debug\winapi_2206.res
c:\users\user\source\repos\220818\winapi_2206\x64\debug\winapi_2206.tlog\cl.command.1.tlog
c:\users\user\source\repos\220818\winapi_2206\x64\debug\winapi_2206.tlog\cl.read.1.tlog
c:\users\user\source\repos\220818\winapi_2206\x64\debug\winapi_2206.tlog\cl.write.1.tlog
c:\users\user\source\repos\220818\winapi_2206\x64\debug\winapi_2206.tlog\link.command.1.tlog
c:\users\user\source\repos\220818\winapi_2206\x64\debug\winapi_2206.tlog\link.read.1.tlog
c:\users\user\source\repos\220818\winapi_2206\x64\debug\winapi_2206.tlog\link.write.1.tlog
c:\users\user\source\repos\220818\winapi_2206\x64\debug\winapi_2206.tlog\rc.command.1.tlog
c:\users\user\source\repos\220818\winapi_2206\x64\debug\winapi_2206.tlog\rc.read.1.tlog
c:\users\user\source\repos\220818\winapi_2206\x64\debug\winapi_2206.tlog\rc.write.1.tlog
