h:\users\visualstudio2022\project\winapi_220804_비행기_도형피하기\winapi_prctice\x64\debug\winapi_prctice.pch
h:\users\visualstudio2022\project\winapi_220804_비행기_도형피하기\winapi_prctice\x64\debug\vc143.pdb
h:\users\visualstudio2022\project\winapi_220804_비행기_도형피하기\winapi_prctice\x64\debug\vc143.idb
h:\users\visualstudio2022\project\winapi_220804_비행기_도형피하기\winapi_prctice\x64\debug\framework.obj
h:\users\visualstudio2022\project\winapi_220804_비행기_도형피하기\winapi_prctice\x64\debug\winapi_prctice.obj
h:\users\visualstudio2022\project\winapi_220804_비행기_도형피하기\winapi_prctice\x64\debug\gamemath.obj
h:\users\visualstudio2022\project\winapi_220804_비행기_도형피하기\winapi_prctice\x64\debug\gamemanager.obj
h:\users\visualstudio2022\project\winapi_220804_비행기_도형피하기\winapi_prctice\x64\debug\avoidscene.obj
h:\users\visualstudio2022\project\winapi_220804_비행기_도형피하기\winapi_prctice\x64\debug\plane.obj
h:\users\visualstudio2022\project\winapi_220804_비행기_도형피하기\winapi_prctice\x64\debug\dropmanager.obj
h:\users\visualstudio2022\project\winapi_220804_비행기_도형피하기\winapi_prctice\x64\debug\dropcircle.obj
h:\users\visualstudio2022\project\winapi_220804_비행기_도형피하기\winapi_prctice\x64\debug\circle.obj
h:\users\visualstudio2022\project\winapi_220804_비행기_도형피하기\winapi_prctice\x64\debug\bulletmanager.obj
h:\users\visualstudio2022\project\winapi_220804_비행기_도형피하기\winapi_prctice\x64\debug\bullet.obj
h:\users\visualstudio2022\project\winapi_220804_비행기_도형피하기\x64\debug\winapi_prctice.exe
h:\users\visualstudio2022\project\winapi_220804_비행기_도형피하기\winapi_prctice\x64\debug\winapi_prctice.ilk
h:\users\visualstudio2022\project\winapi_220804_비행기_도형피하기\x64\debug\winapi_prctice.pdb
h:\users\visualstudio2022\project\winapi_220804_비행기_도형피하기\winapi_prctice\x64\debug\winapi_prctice.res
h:\users\visualstudio2022\project\winapi_220804_비행기_도형피하기\winapi_prctice\x64\debug\winapi_prctice.tlog\cl.command.1.tlog
h:\users\visualstudio2022\project\winapi_220804_비행기_도형피하기\winapi_prctice\x64\debug\winapi_prctice.tlog\cl.read.1.tlog
h:\users\visualstudio2022\project\winapi_220804_비행기_도형피하기\winapi_prctice\x64\debug\winapi_prctice.tlog\cl.write.1.tlog
h:\users\visualstudio2022\project\winapi_220804_비행기_도형피하기\winapi_prctice\x64\debug\winapi_prctice.tlog\link.command.1.tlog
h:\users\visualstudio2022\project\winapi_220804_비행기_도형피하기\winapi_prctice\x64\debug\winapi_prctice.tlog\link.read.1.tlog
h:\users\visualstudio2022\project\winapi_220804_비행기_도형피하기\winapi_prctice\x64\debug\winapi_prctice.tlog\link.write.1.tlog
h:\users\visualstudio2022\project\winapi_220804_비행기_도형피하기\winapi_prctice\x64\debug\winapi_prctice.tlog\rc.command.1.tlog
h:\users\visualstudio2022\project\winapi_220804_비행기_도형피하기\winapi_prctice\x64\debug\winapi_prctice.tlog\rc.read.1.tlog
h:\users\visualstudio2022\project\winapi_220804_비행기_도형피하기\winapi_prctice\x64\debug\winapi_prctice.tlog\rc.write.1.tlog
