  Framework.cpp
  Bullet.cpp
  Circle.cpp
  Line.cpp
  Rect.cpp
  SpawnCircle.cpp
  BulletScene.cpp
  GameManager.cpp
  PlaneScene.cpp
H:\Users\VisualStudio2022\Project\WinAPI_220728_비행기과제\WinAPI_Prctice\Scenes\PlaneScene.cpp(68,30): warning C4838: 'float'에서 'LONG'(으)로의 변환에는 축소 변환이 필요합니다.
H:\Users\VisualStudio2022\Project\WinAPI_220728_비행기과제\WinAPI_Prctice\Scenes\PlaneScene.cpp(68,30): warning C4244: '초기화 중': 'float'에서 'LONG'(으)로 변환하면서 데이터가 손실될 수 있습니다.
H:\Users\VisualStudio2022\Project\WinAPI_220728_비행기과제\WinAPI_Prctice\Scenes\PlaneScene.cpp(69,28): warning C4838: 'float'에서 'LONG'(으)로의 변환에는 축소 변환이 필요합니다.
H:\Users\VisualStudio2022\Project\WinAPI_220728_비행기과제\WinAPI_Prctice\Scenes\PlaneScene.cpp(69,28): warning C4244: '초기화 중': 'float'에서 'LONG'(으)로 변환하면서 데이터가 손실될 수 있습니다.
  SpawnScene.cpp
H:\Users\VisualStudio2022\Project\WinAPI_220728_비행기과제\WinAPI_Prctice\Scenes\SpawnScene.cpp(65,53): warning C4267: '인수': 'size_t'에서 'const int'(으)로 변환하면서 데이터가 손실될 수 있습니다.
  TutorialScene.cpp
H:\Users\VisualStudio2022\Project\WinAPI_220728_비행기과제\WinAPI_Prctice\Scenes\TutorialScene.cpp(53,46): warning C4267: '인수': 'size_t'에서 'int'(으)로 변환하면서 데이터가 손실될 수 있습니다.
  GameMath.cpp
  WinAPI_Prctice.cpp
  코드를 생성하고 있습니다...
  WinAPI_Prctice.vcxproj -> H:\Users\VisualStudio2022\Project\WinAPI_220728_비행기과제\x64\Debug\WinAPI_Prctice.exe
