c:\users\user\source\repos\winapi_prctice\winapi_prctice\x64\debug\vc143.pdb
c:\users\user\source\repos\winapi_prctice\winapi_prctice\x64\debug\vc143.idb
c:\users\user\source\repos\winapi_prctice\winapi_prctice\x64\debug\gamemanager.obj
c:\users\user\source\repos\winapi_prctice\winapi_prctice\x64\debug\avoidscene.obj
c:\users\user\source\repos\winapi_prctice\winapi_prctice\x64\debug\dropcircle.obj
c:\users\user\source\repos\winapi_prctice\winapi_prctice\x64\debug\winapi_prctice.pch
c:\users\user\source\repos\winapi_prctice\winapi_prctice\x64\debug\framework.obj
c:\users\user\source\repos\winapi_prctice\winapi_prctice\x64\debug\winapi_prctice.obj
c:\users\user\source\repos\winapi_prctice\winapi_prctice\x64\debug\planescene.obj
c:\users\user\source\repos\winapi_prctice\winapi_prctice\x64\debug\dropscene.obj
c:\users\user\source\repos\winapi_prctice\winapi_prctice\x64\debug\anglescene.obj
c:\users\user\source\repos\winapi_prctice\winapi_prctice\x64\debug\gamemath.obj
c:\users\user\source\repos\winapi_prctice\winapi_prctice\x64\debug\plane.obj
c:\users\user\source\repos\winapi_prctice\winapi_prctice\x64\debug\dropmanager.obj
c:\users\user\source\repos\winapi_prctice\winapi_prctice\x64\debug\bulletmanager.obj
c:\users\user\source\repos\winapi_prctice\winapi_prctice\x64\debug\bullet.obj
c:\users\user\source\repos\winapi_prctice\winapi_prctice\x64\debug\line.obj
c:\users\user\source\repos\winapi_prctice\winapi_prctice\x64\debug\circle.obj
c:\users\user\source\repos\winapi_prctice\winapi_prctice\x64\debug\avoidplayer.obj
c:\users\user\source\repos\winapi_prctice\winapi_prctice\x64\debug\cannon.obj
c:\users\user\source\repos\winapi_prctice\x64\debug\winapi_prctice.exe
c:\users\user\source\repos\winapi_prctice\winapi_prctice\x64\debug\winapi_prctice.ilk
c:\users\user\source\repos\winapi_prctice\x64\debug\winapi_prctice.pdb
c:\users\user\source\repos\winapi_prctice\winapi_prctice\x64\debug\winapi_prctice.res
c:\users\user\source\repos\winapi_prctice\winapi_prctice\x64\debug\winapi_prctice.tlog\cl.command.1.tlog
c:\users\user\source\repos\winapi_prctice\winapi_prctice\x64\debug\winapi_prctice.tlog\cl.read.1.tlog
c:\users\user\source\repos\winapi_prctice\winapi_prctice\x64\debug\winapi_prctice.tlog\cl.write.1.tlog
c:\users\user\source\repos\winapi_prctice\winapi_prctice\x64\debug\winapi_prctice.tlog\link.command.1.tlog
c:\users\user\source\repos\winapi_prctice\winapi_prctice\x64\debug\winapi_prctice.tlog\link.read.1.tlog
c:\users\user\source\repos\winapi_prctice\winapi_prctice\x64\debug\winapi_prctice.tlog\link.write.1.tlog
c:\users\user\source\repos\winapi_prctice\winapi_prctice\x64\debug\winapi_prctice.tlog\rc.command.1.tlog
c:\users\user\source\repos\winapi_prctice\winapi_prctice\x64\debug\winapi_prctice.tlog\rc.read.1.tlog
c:\users\user\source\repos\winapi_prctice\winapi_prctice\x64\debug\winapi_prctice.tlog\rc.write.1.tlog
