h:\users\visualstudio2022\project\winapi_220811_bitmap_texture\winapi_prctice\x64\debug\winapi_prctice.pch
h:\users\visualstudio2022\project\winapi_220811_bitmap_texture\winapi_prctice\x64\debug\vc143.pdb
h:\users\visualstudio2022\project\winapi_220811_bitmap_texture\winapi_prctice\x64\debug\vc143.idb
h:\users\visualstudio2022\project\winapi_220812_flappybird\winapi_prctice\x64\debug\vc143.pdb
h:\users\visualstudio2022\project\winapi_220812_flappybird\winapi_prctice\x64\debug\vc143.idb
h:\users\visualstudio2022\project\winapi_220812_flappybird\winapi_prctice\x64\debug\anglescene.obj
h:\users\visualstudio2022\project\winapi_220812_flappybird\winapi_prctice\x64\debug\texture.obj
h:\users\visualstudio2022\project\winapi_220812_flappybird\winapi_prctice\x64\debug\gamemath.obj
h:\users\visualstudio2022\project\winapi_220812_flappybird\winapi_prctice\x64\debug\plane.obj
h:\users\visualstudio2022\project\winapi_220812_flappybird\winapi_prctice\x64\debug\dropmanager.obj
h:\users\visualstudio2022\project\winapi_220812_flappybird\winapi_prctice\x64\debug\dropcircle.obj
h:\users\visualstudio2022\project\winapi_220812_flappybird\winapi_prctice\x64\debug\bulletmanager.obj
h:\users\visualstudio2022\project\winapi_220812_flappybird\winapi_prctice\x64\debug\bullet.obj
h:\users\visualstudio2022\project\winapi_220812_flappybird\winapi_prctice\x64\debug\landscape.obj
h:\users\visualstudio2022\project\winapi_220812_flappybird\winapi_prctice\x64\debug\siva.obj
h:\users\visualstudio2022\project\winapi_220812_flappybird\winapi_prctice\x64\debug\controlbar.obj
h:\users\visualstudio2022\project\winapi_220812_flappybird\winapi_prctice\x64\debug\brickmanager.obj
h:\users\visualstudio2022\project\winapi_220812_flappybird\winapi_prctice\x64\debug\brick.obj
h:\users\visualstudio2022\project\winapi_220812_flappybird\winapi_prctice\x64\debug\ball.obj
h:\users\visualstudio2022\project\winapi_220812_flappybird\winapi_prctice\x64\debug\rect.obj
h:\users\visualstudio2022\project\winapi_220812_flappybird\winapi_prctice\x64\debug\line.obj
h:\users\visualstudio2022\project\winapi_220812_flappybird\winapi_prctice\x64\debug\imagerect.obj
h:\users\visualstudio2022\project\winapi_220812_flappybird\winapi_prctice\x64\debug\circle.obj
h:\users\visualstudio2022\project\winapi_220812_flappybird\winapi_prctice\x64\debug\avoidplayer.obj
h:\users\visualstudio2022\project\winapi_220812_flappybird\winapi_prctice\x64\debug\cannon.obj
h:\users\visualstudio2022\project\winapi_220812_flappybird\winapi_prctice\x64\debug\winapi_prctice.obj
h:\users\visualstudio2022\project\winapi_220812_flappybird\winapi_prctice\x64\debug\timer.obj
h:\users\visualstudio2022\project\winapi_220812_flappybird\winapi_prctice\x64\debug\keyboard.obj
h:\users\visualstudio2022\project\winapi_220812_flappybird\winapi_prctice\x64\debug\gamemanager.obj
h:\users\visualstudio2022\project\winapi_220812_flappybird\winapi_prctice\x64\debug\planescene.obj
h:\users\visualstudio2022\project\winapi_220812_flappybird\winapi_prctice\x64\debug\flappybirdscene.obj
h:\users\visualstudio2022\project\winapi_220812_flappybird\winapi_prctice\x64\debug\dropscene.obj
h:\users\visualstudio2022\project\winapi_220812_flappybird\winapi_prctice\x64\debug\collisionscene.obj
h:\users\visualstudio2022\project\winapi_220812_flappybird\winapi_prctice\x64\debug\breakoutscene.obj
h:\users\visualstudio2022\project\winapi_220812_flappybird\winapi_prctice\x64\debug\bitmapscene.obj
h:\users\visualstudio2022\project\winapi_220812_flappybird\winapi_prctice\x64\debug\avoidscene.obj
h:\users\visualstudio2022\project\winapi_220812_flappybird\winapi_prctice\x64\debug\pipemanager.obj
h:\users\visualstudio2022\project\winapi_220812_flappybird\winapi_prctice\x64\debug\winapi_prctice.pch
h:\users\visualstudio2022\project\winapi_220812_flappybird\winapi_prctice\x64\debug\framework.obj
h:\users\visualstudio2022\project\winapi_220812_flappybird\x64\debug\winapi_prctice.exe
h:\users\visualstudio2022\project\winapi_220812_flappybird\winapi_prctice\x64\debug\winapi_prctice.ilk
h:\users\visualstudio2022\project\winapi_220812_flappybird\x64\debug\winapi_prctice.pdb
h:\users\visualstudio2022\project\winapi_220811_bitmap_texture\winapi_prctice\x64\debug\winapi_prctice.res
h:\users\visualstudio2022\project\winapi_220812_flappybird\winapi_prctice\x64\debug\winapi_prctice.res
h:\users\visualstudio2022\project\winapi_220812_flappybird\winapi_prctice\x64\debug\winapi_prctice.tlog\cl.command.1.tlog
h:\users\visualstudio2022\project\winapi_220812_flappybird\winapi_prctice\x64\debug\winapi_prctice.tlog\cl.read.1.tlog
h:\users\visualstudio2022\project\winapi_220812_flappybird\winapi_prctice\x64\debug\winapi_prctice.tlog\cl.write.1.tlog
h:\users\visualstudio2022\project\winapi_220812_flappybird\winapi_prctice\x64\debug\winapi_prctice.tlog\link.command.1.tlog
h:\users\visualstudio2022\project\winapi_220812_flappybird\winapi_prctice\x64\debug\winapi_prctice.tlog\link.read.1.tlog
h:\users\visualstudio2022\project\winapi_220812_flappybird\winapi_prctice\x64\debug\winapi_prctice.tlog\link.write.1.tlog
h:\users\visualstudio2022\project\winapi_220812_flappybird\winapi_prctice\x64\debug\winapi_prctice.tlog\rc.command.1.tlog
h:\users\visualstudio2022\project\winapi_220812_flappybird\winapi_prctice\x64\debug\winapi_prctice.tlog\rc.read.1.tlog
h:\users\visualstudio2022\project\winapi_220812_flappybird\winapi_prctice\x64\debug\winapi_prctice.tlog\rc.write.1.tlog
