d:\users\dbswl\visualstudio2022\project\winapi\winapi_220825_inventory_과제\winapi_2206\x64\debug\vc143.pdb
d:\users\dbswl\visualstudio2022\project\winapi\winapi_220825_inventory_과제\winapi_2206\x64\debug\vc143.idb
d:\users\dbswl\visualstudio2022\project\winapi\winapi_220825_inventory_과제\winapi_2206\x64\debug\circle.obj
d:\users\dbswl\visualstudio2022\project\winapi\winapi_220825_inventory_과제\winapi_2206\x64\debug\bulletmanager.obj
d:\users\dbswl\visualstudio2022\project\winapi\winapi_220825_inventory_과제\winapi_2206\x64\debug\bullet.obj
d:\users\dbswl\visualstudio2022\project\winapi\winapi_220825_inventory_과제\winapi_2206\x64\debug\landmanager.obj
d:\users\dbswl\visualstudio2022\project\winapi\winapi_220825_inventory_과제\winapi_2206\x64\debug\land.obj
d:\users\dbswl\visualstudio2022\project\winapi\winapi_220825_inventory_과제\winapi_2206\x64\debug\plane.obj
d:\users\dbswl\visualstudio2022\project\winapi\winapi_220825_inventory_과제\winapi_2206\x64\debug\pipemanager.obj
d:\users\dbswl\visualstudio2022\project\winapi\winapi_220825_inventory_과제\winapi_2206\x64\debug\landscape.obj
d:\users\dbswl\visualstudio2022\project\winapi\winapi_220825_inventory_과제\winapi_2206\x64\debug\effectmanager.obj
d:\users\dbswl\visualstudio2022\project\winapi\winapi_220825_inventory_과제\winapi_2206\x64\debug\siva.obj
d:\users\dbswl\visualstudio2022\project\winapi\winapi_220825_inventory_과제\winapi_2206\x64\debug\cookie.obj
d:\users\dbswl\visualstudio2022\project\winapi\winapi_220825_inventory_과제\winapi_2206\x64\debug\controlbar.obj
d:\users\dbswl\visualstudio2022\project\winapi\winapi_220825_inventory_과제\winapi_2206\x64\debug\brickmanager.obj
d:\users\dbswl\visualstudio2022\project\winapi\winapi_220825_inventory_과제\winapi_2206\x64\debug\brick.obj
d:\users\dbswl\visualstudio2022\project\winapi\winapi_220825_inventory_과제\winapi_2206\x64\debug\ball.obj
d:\users\dbswl\visualstudio2022\project\winapi\winapi_220825_inventory_과제\winapi_2206\x64\debug\rect.obj
d:\users\dbswl\visualstudio2022\project\winapi\winapi_220825_inventory_과제\winapi_2206\x64\debug\line.obj
d:\users\dbswl\visualstudio2022\project\winapi\winapi_220825_inventory_과제\winapi_2206\x64\debug\imagerect.obj
d:\users\dbswl\visualstudio2022\project\winapi\winapi_220825_inventory_과제\winapi_2206\x64\debug\effect.obj
d:\users\dbswl\visualstudio2022\project\winapi\winapi_220825_inventory_과제\winapi_2206\x64\debug\camera.obj
d:\users\dbswl\visualstudio2022\project\winapi\winapi_220825_inventory_과제\winapi_2206\x64\debug\audio.obj
d:\users\dbswl\visualstudio2022\project\winapi\winapi_220825_inventory_과제\winapi_2206\x64\debug\scenemanager.obj
d:\users\dbswl\visualstudio2022\project\winapi\winapi_220825_inventory_과제\winapi_2206\x64\debug\gamemath.obj
d:\users\dbswl\visualstudio2022\project\winapi\winapi_220825_inventory_과제\winapi_2206\x64\debug\gamemanager.obj
d:\users\dbswl\visualstudio2022\project\winapi\winapi_220825_inventory_과제\winapi_2206\x64\debug\startscene.obj
d:\users\dbswl\visualstudio2022\project\winapi\winapi_220825_inventory_과제\winapi_2206\x64\debug\shootingscene.obj
d:\users\dbswl\visualstudio2022\project\winapi\winapi_220825_inventory_과제\winapi_2206\x64\debug\runningscene.obj
d:\users\dbswl\visualstudio2022\project\winapi\winapi_220825_inventory_과제\winapi_2206\x64\debug\pixelcollisionscene.obj
d:\users\dbswl\visualstudio2022\project\winapi\winapi_220825_inventory_과제\winapi_2206\x64\debug\flappybirdscene.obj
d:\users\dbswl\visualstudio2022\project\winapi\winapi_220825_inventory_과제\winapi_2206\x64\debug\effectscene.obj
d:\users\dbswl\visualstudio2022\project\winapi\winapi_220825_inventory_과제\winapi_2206\x64\debug\camerascene.obj
d:\users\dbswl\visualstudio2022\project\winapi\winapi_220825_inventory_과제\winapi_2206\x64\debug\texturemanager.obj
d:\users\dbswl\visualstudio2022\project\winapi\winapi_220825_inventory_과제\winapi_2206\x64\debug\texture.obj
d:\users\dbswl\visualstudio2022\project\winapi\winapi_220825_inventory_과제\winapi_2206\x64\debug\animation.obj
d:\users\dbswl\visualstudio2022\project\winapi\winapi_220825_inventory_과제\winapi_2206\x64\debug\progressbar.obj
d:\users\dbswl\visualstudio2022\project\winapi\winapi_220825_inventory_과제\winapi_2206\x64\debug\button.obj
d:\users\dbswl\visualstudio2022\project\winapi\winapi_220825_inventory_과제\winapi_2206\x64\debug\enemymanager.obj
d:\users\dbswl\visualstudio2022\project\winapi\winapi_220825_inventory_과제\winapi_2206\x64\debug\enemy.obj
d:\users\dbswl\visualstudio2022\project\winapi\winapi_220825_inventory_과제\winapi_2206\x64\debug\dropmanager.obj
d:\users\dbswl\visualstudio2022\project\winapi\winapi_220825_inventory_과제\winapi_2206\x64\debug\dropcircle.obj
d:\users\dbswl\visualstudio2022\project\winapi\winapi_220825_inventory_과제\winapi_2206\x64\debug\winapi_2206.obj
d:\users\dbswl\visualstudio2022\project\winapi\winapi_220825_inventory_과제\winapi_2206\x64\debug\timer.obj
d:\users\dbswl\visualstudio2022\project\winapi\winapi_220825_inventory_과제\winapi_2206\x64\debug\keyboard.obj
d:\users\dbswl\visualstudio2022\project\winapi\winapi_220825_inventory_과제\winapi_2206\x64\debug\itemstorescene.obj
d:\users\dbswl\visualstudio2022\project\winapi\winapi_220825_inventory_과제\winapi_2206\x64\debug\itemdatamanager.obj
d:\users\dbswl\visualstudio2022\project\winapi\winapi_220825_inventory_과제\winapi_2206\x64\debug\item.obj
d:\users\dbswl\visualstudio2022\project\winapi\winapi_220825_inventory_과제\winapi_2206\x64\debug\winapi_2206.pch
d:\users\dbswl\visualstudio2022\project\winapi\winapi_220825_inventory_과제\winapi_2206\x64\debug\framework.obj
d:\users\dbswl\visualstudio2022\project\winapi\winapi_220825_inventory_과제\x64\debug\winapi_2206.exe
d:\users\dbswl\visualstudio2022\project\winapi\winapi_220825_inventory_과제\winapi_2206\x64\debug\winapi_2206.ilk
d:\users\dbswl\visualstudio2022\project\winapi\winapi_220825_inventory_과제\x64\debug\winapi_2206.pdb
d:\users\dbswl\visualstudio2022\project\winapi\winapi_220825_inventory_과제\winapi_2206\x64\debug\winapi_2206.res
d:\users\dbswl\visualstudio2022\project\winapi\winapi_220825_inventory_과제\winapi_2206\x64\debug\animation.obj.enc
d:\users\dbswl\visualstudio2022\project\winapi\winapi_220825_inventory_과제\winapi_2206\x64\debug\audio.obj.enc
d:\users\dbswl\visualstudio2022\project\winapi\winapi_220825_inventory_과제\winapi_2206\x64\debug\ball.obj.enc
d:\users\dbswl\visualstudio2022\project\winapi\winapi_220825_inventory_과제\winapi_2206\x64\debug\brick.obj.enc
d:\users\dbswl\visualstudio2022\project\winapi\winapi_220825_inventory_과제\winapi_2206\x64\debug\brickmanager.obj.enc
d:\users\dbswl\visualstudio2022\project\winapi\winapi_220825_inventory_과제\winapi_2206\x64\debug\bullet.obj.enc
d:\users\dbswl\visualstudio2022\project\winapi\winapi_220825_inventory_과제\winapi_2206\x64\debug\bulletmanager.obj.enc
d:\users\dbswl\visualstudio2022\project\winapi\winapi_220825_inventory_과제\winapi_2206\x64\debug\button.obj.enc
d:\users\dbswl\visualstudio2022\project\winapi\winapi_220825_inventory_과제\winapi_2206\x64\debug\camera.obj.enc
d:\users\dbswl\visualstudio2022\project\winapi\winapi_220825_inventory_과제\winapi_2206\x64\debug\camerascene.obj.enc
d:\users\dbswl\visualstudio2022\project\winapi\winapi_220825_inventory_과제\winapi_2206\x64\debug\circle.obj.enc
d:\users\dbswl\visualstudio2022\project\winapi\winapi_220825_inventory_과제\winapi_2206\x64\debug\controlbar.obj.enc
d:\users\dbswl\visualstudio2022\project\winapi\winapi_220825_inventory_과제\winapi_2206\x64\debug\cookie.obj.enc
d:\users\dbswl\visualstudio2022\project\winapi\winapi_220825_inventory_과제\winapi_2206\x64\debug\dropcircle.obj.enc
d:\users\dbswl\visualstudio2022\project\winapi\winapi_220825_inventory_과제\winapi_2206\x64\debug\dropmanager.obj.enc
d:\users\dbswl\visualstudio2022\project\winapi\winapi_220825_inventory_과제\winapi_2206\x64\debug\effect.obj.enc
d:\users\dbswl\visualstudio2022\project\winapi\winapi_220825_inventory_과제\winapi_2206\x64\debug\effectmanager.obj.enc
d:\users\dbswl\visualstudio2022\project\winapi\winapi_220825_inventory_과제\winapi_2206\x64\debug\effectscene.obj.enc
d:\users\dbswl\visualstudio2022\project\winapi\winapi_220825_inventory_과제\winapi_2206\x64\debug\enemy.obj.enc
d:\users\dbswl\visualstudio2022\project\winapi\winapi_220825_inventory_과제\winapi_2206\x64\debug\enemymanager.obj.enc
d:\users\dbswl\visualstudio2022\project\winapi\winapi_220825_inventory_과제\winapi_2206\x64\debug\flappybirdscene.obj.enc
d:\users\dbswl\visualstudio2022\project\winapi\winapi_220825_inventory_과제\winapi_2206\x64\debug\framework.obj.enc
d:\users\dbswl\visualstudio2022\project\winapi\winapi_220825_inventory_과제\winapi_2206\x64\debug\gamemanager.obj.enc
d:\users\dbswl\visualstudio2022\project\winapi\winapi_220825_inventory_과제\winapi_2206\x64\debug\gamemath.obj.enc
d:\users\dbswl\visualstudio2022\project\winapi\winapi_220825_inventory_과제\winapi_2206\x64\debug\imagerect.obj.enc
d:\users\dbswl\visualstudio2022\project\winapi\winapi_220825_inventory_과제\winapi_2206\x64\debug\item.obj.enc
d:\users\dbswl\visualstudio2022\project\winapi\winapi_220825_inventory_과제\winapi_2206\x64\debug\itemdatamanager.obj.enc
d:\users\dbswl\visualstudio2022\project\winapi\winapi_220825_inventory_과제\winapi_2206\x64\debug\itemstorescene.obj.enc
d:\users\dbswl\visualstudio2022\project\winapi\winapi_220825_inventory_과제\winapi_2206\x64\debug\keyboard.obj.enc
d:\users\dbswl\visualstudio2022\project\winapi\winapi_220825_inventory_과제\winapi_2206\x64\debug\land.obj.enc
d:\users\dbswl\visualstudio2022\project\winapi\winapi_220825_inventory_과제\winapi_2206\x64\debug\landmanager.obj.enc
d:\users\dbswl\visualstudio2022\project\winapi\winapi_220825_inventory_과제\winapi_2206\x64\debug\landscape.obj.enc
d:\users\dbswl\visualstudio2022\project\winapi\winapi_220825_inventory_과제\winapi_2206\x64\debug\line.obj.enc
d:\users\dbswl\visualstudio2022\project\winapi\winapi_220825_inventory_과제\winapi_2206\x64\debug\pipemanager.obj.enc
d:\users\dbswl\visualstudio2022\project\winapi\winapi_220825_inventory_과제\winapi_2206\x64\debug\pixelcollisionscene.obj.enc
d:\users\dbswl\visualstudio2022\project\winapi\winapi_220825_inventory_과제\winapi_2206\x64\debug\plane.obj.enc
d:\users\dbswl\visualstudio2022\project\winapi\winapi_220825_inventory_과제\winapi_2206\x64\debug\progressbar.obj.enc
d:\users\dbswl\visualstudio2022\project\winapi\winapi_220825_inventory_과제\winapi_2206\x64\debug\rect.obj.enc
d:\users\dbswl\visualstudio2022\project\winapi\winapi_220825_inventory_과제\winapi_2206\x64\debug\runningscene.obj.enc
d:\users\dbswl\visualstudio2022\project\winapi\winapi_220825_inventory_과제\winapi_2206\x64\debug\scenemanager.obj.enc
d:\users\dbswl\visualstudio2022\project\winapi\winapi_220825_inventory_과제\winapi_2206\x64\debug\shootingscene.obj.enc
d:\users\dbswl\visualstudio2022\project\winapi\winapi_220825_inventory_과제\winapi_2206\x64\debug\siva.obj.enc
d:\users\dbswl\visualstudio2022\project\winapi\winapi_220825_inventory_과제\winapi_2206\x64\debug\startscene.obj.enc
d:\users\dbswl\visualstudio2022\project\winapi\winapi_220825_inventory_과제\winapi_2206\x64\debug\texture.obj.enc
d:\users\dbswl\visualstudio2022\project\winapi\winapi_220825_inventory_과제\winapi_2206\x64\debug\texturemanager.obj.enc
d:\users\dbswl\visualstudio2022\project\winapi\winapi_220825_inventory_과제\winapi_2206\x64\debug\timer.obj.enc
d:\users\dbswl\visualstudio2022\project\winapi\winapi_220825_inventory_과제\winapi_2206\x64\debug\winapi_2206.obj.enc
d:\users\dbswl\visualstudio2022\project\winapi\winapi_220825_inventory_과제\winapi_2206\x64\debug\winapi_2206.tlog\cl.command.1.tlog
d:\users\dbswl\visualstudio2022\project\winapi\winapi_220825_inventory_과제\winapi_2206\x64\debug\winapi_2206.tlog\cl.read.1.tlog
d:\users\dbswl\visualstudio2022\project\winapi\winapi_220825_inventory_과제\winapi_2206\x64\debug\winapi_2206.tlog\cl.write.1.tlog
d:\users\dbswl\visualstudio2022\project\winapi\winapi_220825_inventory_과제\winapi_2206\x64\debug\winapi_2206.tlog\link.command.1.tlog
d:\users\dbswl\visualstudio2022\project\winapi\winapi_220825_inventory_과제\winapi_2206\x64\debug\winapi_2206.tlog\link.read.1.tlog
d:\users\dbswl\visualstudio2022\project\winapi\winapi_220825_inventory_과제\winapi_2206\x64\debug\winapi_2206.tlog\link.write.1.tlog
d:\users\dbswl\visualstudio2022\project\winapi\winapi_220825_inventory_과제\winapi_2206\x64\debug\winapi_2206.tlog\rc.command.1.tlog
d:\users\dbswl\visualstudio2022\project\winapi\winapi_220825_inventory_과제\winapi_2206\x64\debug\winapi_2206.tlog\rc.read.1.tlog
d:\users\dbswl\visualstudio2022\project\winapi\winapi_220825_inventory_과제\winapi_2206\x64\debug\winapi_2206.tlog\rc.write.1.tlog
